[debug] [2023-07-03T18:27:14.056Z] ----------------------------------------------------------------------
[debug] [2023-07-03T18:27:14.058Z] Command:       C:\Program Files\nodejs\node.exe C:\Users\canar\AppData\Roaming\npm\node_modules\firebase-tools\lib\bin\firebase.js init
[debug] [2023-07-03T18:27:14.058Z] CLI Version:   12.4.2
[debug] [2023-07-03T18:27:14.059Z] Platform:      win32
[debug] [2023-07-03T18:27:14.059Z] Node Version:  v18.16.0
[debug] [2023-07-03T18:27:14.060Z] Time:          Mon Jul 03 2023 23:57:14 GMT+0530 (India Standard Time)
[debug] [2023-07-03T18:27:14.060Z] ----------------------------------------------------------------------
[debug] 
[debug] [2023-07-03T18:27:14.067Z] > command requires scopes: ["email","openid","https://www.googleapis.com/auth/cloudplatformprojects.readonly","https://www.googleapis.com/auth/firebase","https://www.googleapis.com/auth/cloud-platform"]
[debug] [2023-07-03T18:27:14.068Z] > authorizing via signed-in user (c.a.narain2002@gmail.com)
[info] 
     ######## #### ########  ######## ########     ###     ######  ########
     ##        ##  ##     ## ##       ##     ##  ##   ##  ##       ##
     ######    ##  ########  ######   ########  #########  ######  ######
     ##        ##  ##    ##  ##       ##     ## ##     ##       ## ##
     ##       #### ##     ## ######## ########  ##     ##  ######  ########

You're about to initialize a Firebase project in this directory:

  H:\kaatru\stackover flow react

[info] 
=== Project Setup
[info] 
[info] First, let's associate this project directory with a Firebase project.
[info] You can create multiple project aliases by running firebase use --add, 
[info] but for now we'll just set up a default project.
[info] 
[debug] [2023-07-03T18:27:22.805Z] >>> [apiv2][query] GET https://firebase.googleapis.com/v1beta1/projects pageSize=100
[debug] [2023-07-03T18:27:23.781Z] <<< [apiv2][status] GET https://firebase.googleapis.com/v1beta1/projects 200
[debug] [2023-07-03T18:27:23.781Z] <<< [apiv2][body] GET https://firebase.googleapis.com/v1beta1/projects [omitted]
[info] i  Using project stackoverflow-3723 (Stackoverflow) 
[info] 
=== Hosting Setup
[info] 
[info] Your public directory is the folder (relative to your project directory) that
[info] will contain Hosting assets to be uploaded with firebase deploy. If you
[info] have a build process for your assets, use your build's output directory.
[info] 
[debug] [2023-07-03T18:29:19.425Z] >>> [apiv2][query] GET https://www.gstatic.com/firebasejs/releases.json [none]
[debug] [2023-07-03T18:29:19.523Z] <<< [apiv2][status] GET https://www.gstatic.com/firebasejs/releases.json 200
[debug] [2023-07-03T18:29:19.523Z] <<< [apiv2][body] GET https://www.gstatic.com/firebasejs/releases.json {"current":{"version":"9.23.0","browserURL":"https://www.gstatic.com/firebasejs/9.23.0/firebase.js","packageURL":"https://www.gstatic.com/firebasejs/9.23.0/firebase.tgz"},"live":{"version":"9.23","browserURL":"https://www.gstatic.com/firebasejs/live/9.23/firebase.js","packageURL":"https://www.gstatic.com/firebasejs/live/9.23/firebase.tgz"},"components":{"analytics":"https://www.gstatic.com/firebasejs/9.23.0/firebase-analytics.js","app":"https://www.gstatic.com/firebasejs/9.23.0/firebase-app.js","app-check":"https://www.gstatic.com/firebasejs/9.23.0/firebase-app-check.js","auth":"https://www.gstatic.com/firebasejs/9.23.0/firebase-auth.js","auth/cordova":"https://www.gstatic.com/firebasejs/9.23.0/firebase-auth/cordova.js","auth/react-native":"https://www.gstatic.com/firebasejs/9.23.0/firebase-auth/react-native.js","functions":"https://www.gstatic.com/firebasejs/9.23.0/firebase-functions.js","firestore":"https://www.gstatic.com/firebasejs/9.23.0/firebase-firestore.js","firestore/lite":"https://www.gstatic.com/firebasejs/9.23.0/firebase-firestore/lite.js","installations":"https://www.gstatic.com/firebasejs/9.23.0/firebase-installations.js","storage":"https://www.gstatic.com/firebasejs/9.23.0/firebase-storage.js","performance":"https://www.gstatic.com/firebasejs/9.23.0/firebase-performance.js","remote-config":"https://www.gstatic.com/firebasejs/9.23.0/firebase-remote-config.js","messaging":"https://www.gstatic.com/firebasejs/9.23.0/firebase-messaging.js","messaging/sw":"https://www.gstatic.com/firebasejs/9.23.0/firebase-messaging/sw.js","database":"https://www.gstatic.com/firebasejs/9.23.0/firebase-database.js","firestore.memory":"https://www.gstatic.com/firebasejs/9.23.0/firebase-firestore.memory.js"}}
[info] i  Skipping write of build/index.html 
[info] 
[info] i  Detected a .git folder at H:\kaatru\stackover flow react 
[info] i  Authorizing with GitHub to upload your service account to a GitHub repository's secrets store. 
[info] 
[info] Visit this URL on this device to log in:
[info] https://github.com/login/oauth/authorize?client_id=89cf50f02ac6aaed3484&state=408739103&redirect_uri=http%3A%2F%2Flocalhost%3A9005&scope=read%3Auser%20repo%20public_repo
[info] 
[info] Waiting for authentication...
[debug] [2023-07-03T18:29:42.932Z] >>> [apiv2][query] POST https://github.com/login/oauth/access_token [none]
[debug] [2023-07-03T18:29:42.933Z] >>> [apiv2][body] POST https://github.com/login/oauth/access_token [stream]
[debug] [2023-07-03T18:29:43.362Z] <<< [apiv2][status] POST https://github.com/login/oauth/access_token 200
[debug] [2023-07-03T18:29:43.362Z] <<< [apiv2][body] POST https://github.com/login/oauth/access_token {"access_token":"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","token_type":"bearer","scope":"read:user,repo"}
[debug] [2023-07-03T18:29:43.379Z] >>> [apiv2][query] GET https://api.github.com/user [none]
[debug] [2023-07-03T18:29:43.857Z] <<< [apiv2][status] GET https://api.github.com/user 200
[debug] [2023-07-03T18:29:43.857Z] <<< [apiv2][body] GET https://api.github.com/user {"login":"c-a-narain","id":61541358,"node_id":"MDQ6VXNlcjYxNTQxMzU4","avatar_url":"https://avatars.githubusercontent.com/u/61541358?v=4","gravatar_id":"","url":"https://api.github.com/users/c-a-narain","html_url":"https://github.com/c-a-narain","followers_url":"https://api.github.com/users/c-a-narain/followers","following_url":"https://api.github.com/users/c-a-narain/following{/other_user}","gists_url":"https://api.github.com/users/c-a-narain/gists{/gist_id}","starred_url":"https://api.github.com/users/c-a-narain/starred{/owner}{/repo}","subscriptions_url":"https://api.github.com/users/c-a-narain/subscriptions","organizations_url":"https://api.github.com/users/c-a-narain/orgs","repos_url":"https://api.github.com/users/c-a-narain/repos","events_url":"https://api.github.com/users/c-a-narain/events{/privacy}","received_events_url":"https://api.github.com/users/c-a-narain/received_events","type":"User","site_admin":false,"name":"Narain C A","company":null,"blog":"c.a.narain2002@gmail.com","location":"Kanyakumari","email":null,"hireable":null,"bio":"#20 | Programmer | CS","twitter_username":"narain_c_a","public_repos":29,"public_gists":0,"followers":4,"following":29,"created_at":"2020-02-27T09:53:45Z","updated_at":"2023-05-26T14:01:24Z","private_gists":0,"total_private_repos":2,"owned_private_repos":2,"disk_usage":7513,"collaborators":0,"two_factor_authentication":false,"plan":{"name":"free","space":976562499,"collaborators":0,"private_repos":10000}}
[info] 
[info] +  Success! Logged into GitHub as c-a-narain 
[info] 
